2025-09-04 00:51:22,418 [INFO] RtosManager:1018 - Current active RTOS is FREERTOS [Cortex-M3NS]
2025-09-04 00:51:23,647 [ERROR] RtosPanel:558 - Can not restore the selected Tab for FREERTOS(A reason can be that the tab is no more available.)
2025-09-04 00:51:23,787 [ERROR] RtosPanel:558 - Can not restore the selected Tab for FREERTOS(A reason can be that the tab is no more available.)
2025-09-04 00:51:39,866 [INFO] UtilMem:75 - End SaveConfig() Used Memory: 934799480 Bytes (1073741824)
2025-09-04 00:51:42,849 [INFO] UtilMem:75 - End SaveConfig() Used Memory: 968317848 Bytes (1073741824)
2025-09-04 00:51:46,639 [INFO] UtilMem:75 - End SaveConfig() Used Memory: 652559672 Bytes (1073741824)
2025-09-04 00:51:53,407 [INFO] BlockDiagram:2775 - set Specific Code input for plugin: NVIC
2025-09-04 00:51:53,411 [INFO] BlockDiagram:2775 - set Specific Code input for plugin: FREERTOS
2025-09-04 00:51:53,412 [INFO] BlockDiagram:2775 - set Specific Code input for plugin: USART
2025-09-04 00:51:53,412 [INFO] BlockDiagram:2775 - set Specific Code input for plugin: SYS
2025-09-04 00:51:53,414 [INFO] BlockDiagram:2775 - set Specific Code input for plugin: GPIO
2025-09-04 00:51:53,414 [INFO] BlockDiagram:2775 - set Specific Code input for plugin: RCC
2025-09-04 00:51:53,416 [INFO] CodeGenerator:892 - code generatio: config db path: /Applications/STM32CubeIDE.app/Contents/Eclipse/plugins/com.st.stm32cube.common.mx_6.15.0.202507011659//db/
2025-09-04 00:51:53,549 [INFO] CodeEngine:265 - oldGeneratedFile, /Users/jinmin-u/STM32CubeIDE/rtos_prac/PORT/MXTmpFiles/license.tmp_save
2025-09-04 00:51:53,951 [INFO] CodeEngine:289 - Generated code: /Users/jinmin-u/STM32CubeIDE/rtos_prac/PORT/MXTmpFiles/license.tmp
2025-09-04 00:51:54,040 [INFO] CodeEngine:265 - oldGeneratedFile, /Users/jinmin-u/STM32CubeIDE/rtos_prac/PORT/MXTmpFiles/gpio.tmp_save
2025-09-04 00:51:54,204 [INFO] CodeEngine:289 - Generated code: /Users/jinmin-u/STM32CubeIDE/rtos_prac/PORT/MXTmpFiles/gpio.tmp
2025-09-04 00:51:54,483 [INFO] Middleware:1452 - No code input for Bsp Dependency
2025-09-04 00:51:54,491 [INFO] CodeEngine:265 - oldGeneratedFile, /Users/jinmin-u/STM32CubeIDE/rtos_prac/PORT/MXTmpFiles/rtos_inc.tmp_save
2025-09-04 00:51:54,603 [INFO] CodeEngine:289 - Generated code: /Users/jinmin-u/STM32CubeIDE/rtos_prac/PORT/MXTmpFiles/rtos_inc.tmp
2025-09-04 00:51:54,606 [INFO] CodeEngine:265 - oldGeneratedFile, /Users/jinmin-u/STM32CubeIDE/rtos_prac/PORT/MXTmpFiles/rtos_vars.tmp_save
2025-09-04 00:51:54,708 [INFO] CodeEngine:289 - Generated code: /Users/jinmin-u/STM32CubeIDE/rtos_prac/PORT/MXTmpFiles/rtos_vars.tmp
2025-09-04 00:51:54,711 [INFO] CodeEngine:265 - oldGeneratedFile, /Users/jinmin-u/STM32CubeIDE/rtos_prac/PORT/MXTmpFiles/rtos_pfp.tmp_save
2025-09-04 00:51:54,793 [INFO] CodeEngine:289 - Generated code: /Users/jinmin-u/STM32CubeIDE/rtos_prac/PORT/MXTmpFiles/rtos_pfp.tmp
2025-09-04 00:51:54,796 [INFO] CodeEngine:265 - oldGeneratedFile, /Users/jinmin-u/STM32CubeIDE/rtos_prac/PORT/MXTmpFiles/rtos_obj_creat.tmp_save
2025-09-04 00:51:54,886 [INFO] CodeEngine:289 - Generated code: /Users/jinmin-u/STM32CubeIDE/rtos_prac/PORT/MXTmpFiles/rtos_obj_creat.tmp
2025-09-04 00:51:54,891 [INFO] CodeEngine:265 - oldGeneratedFile, /Users/jinmin-u/STM32CubeIDE/rtos_prac/PORT/MXTmpFiles/rtos_kernelStart.tmp_save
2025-09-04 00:51:54,972 [INFO] CodeEngine:289 - Generated code: /Users/jinmin-u/STM32CubeIDE/rtos_prac/PORT/MXTmpFiles/rtos_kernelStart.tmp
2025-09-04 00:51:54,977 [INFO] CodeEngine:265 - oldGeneratedFile, /Users/jinmin-u/STM32CubeIDE/rtos_prac/PORT/MXTmpFiles/rtos_default_thread.tmp_save
2025-09-04 00:51:55,072 [INFO] CodeEngine:289 - Generated code: /Users/jinmin-u/STM32CubeIDE/rtos_prac/PORT/MXTmpFiles/rtos_default_thread.tmp
2025-09-04 00:51:55,078 [INFO] CodeEngine:265 - oldGeneratedFile, /Users/jinmin-u/STM32CubeIDE/rtos_prac/PORT/MXTmpFiles/rtos_threads.tmp_save
2025-09-04 00:51:55,215 [INFO] CodeEngine:289 - Generated code: /Users/jinmin-u/STM32CubeIDE/rtos_prac/PORT/MXTmpFiles/rtos_threads.tmp
2025-09-04 00:51:55,228 [INFO] Middleware:1452 - No code input for Bsp Dependency
2025-09-04 00:51:55,235 [INFO] CodeEngine:265 - oldGeneratedFile, /Users/jinmin-u/STM32CubeIDE/rtos_prac/PORT/MXTmpFiles/rtos_inc.tmp_save
2025-09-04 00:51:55,333 [INFO] CodeEngine:289 - Generated code: /Users/jinmin-u/STM32CubeIDE/rtos_prac/PORT/MXTmpFiles/rtos_inc.tmp
2025-09-04 00:51:55,336 [INFO] CodeEngine:265 - oldGeneratedFile, /Users/jinmin-u/STM32CubeIDE/rtos_prac/PORT/MXTmpFiles/rtos_vars.tmp_save
2025-09-04 00:51:55,403 [INFO] CodeEngine:289 - Generated code: /Users/jinmin-u/STM32CubeIDE/rtos_prac/PORT/MXTmpFiles/rtos_vars.tmp
2025-09-04 00:51:55,435 [INFO] CodeEngine:265 - oldGeneratedFile, /Users/jinmin-u/STM32CubeIDE/rtos_prac/PORT/MXTmpFiles/rtos_pfp.tmp_save
2025-09-04 00:51:55,499 [INFO] CodeEngine:289 - Generated code: /Users/jinmin-u/STM32CubeIDE/rtos_prac/PORT/MXTmpFiles/rtos_pfp.tmp
2025-09-04 00:51:55,502 [INFO] CodeEngine:265 - oldGeneratedFile, /Users/jinmin-u/STM32CubeIDE/rtos_prac/PORT/MXTmpFiles/rtos_obj_creat.tmp_save
2025-09-04 00:51:55,584 [INFO] CodeEngine:289 - Generated code: /Users/jinmin-u/STM32CubeIDE/rtos_prac/PORT/MXTmpFiles/rtos_obj_creat.tmp
2025-09-04 00:51:55,587 [INFO] CodeEngine:265 - oldGeneratedFile, /Users/jinmin-u/STM32CubeIDE/rtos_prac/PORT/MXTmpFiles/rtos_kernelStart.tmp_save
2025-09-04 00:51:55,655 [INFO] CodeEngine:289 - Generated code: /Users/jinmin-u/STM32CubeIDE/rtos_prac/PORT/MXTmpFiles/rtos_kernelStart.tmp
2025-09-04 00:51:55,657 [INFO] CodeEngine:265 - oldGeneratedFile, /Users/jinmin-u/STM32CubeIDE/rtos_prac/PORT/MXTmpFiles/rtos_default_thread.tmp_save
2025-09-04 00:51:55,720 [INFO] CodeEngine:289 - Generated code: /Users/jinmin-u/STM32CubeIDE/rtos_prac/PORT/MXTmpFiles/rtos_default_thread.tmp
2025-09-04 00:51:55,722 [INFO] CodeEngine:265 - oldGeneratedFile, /Users/jinmin-u/STM32CubeIDE/rtos_prac/PORT/MXTmpFiles/rtos_threads.tmp_save
2025-09-04 00:51:55,780 [INFO] CodeEngine:289 - Generated code: /Users/jinmin-u/STM32CubeIDE/rtos_prac/PORT/MXTmpFiles/rtos_threads.tmp
2025-09-04 00:51:55,784 [INFO] CodeEngine:265 - oldGeneratedFile, /Users/jinmin-u/STM32CubeIDE/rtos_prac/PORT/Core/Inc/FreeRTOSConfig.h_save
2025-09-04 00:51:55,882 [INFO] CodeEngine:289 - Generated code: /Users/jinmin-u/STM32CubeIDE/rtos_prac/PORT/Core/Inc/FreeRTOSConfig.h
2025-09-04 00:51:55,885 [INFO] CodeEngine:265 - oldGeneratedFile, /Users/jinmin-u/STM32CubeIDE/rtos_prac/PORT/Core/Src/freertos.c_save
2025-09-04 00:51:55,952 [INFO] CodeEngine:289 - Generated code: /Users/jinmin-u/STM32CubeIDE/rtos_prac/PORT/Core/Src/freertos.c
2025-09-04 00:51:55,960 [INFO] CodeEngine:265 - oldGeneratedFile, /Users/jinmin-u/STM32CubeIDE/rtos_prac/PORT/Core/Src/stm32f1xx_it.c_save
2025-09-04 00:51:56,201 [INFO] CodeEngine:289 - Generated code: /Users/jinmin-u/STM32CubeIDE/rtos_prac/PORT/Core/Src/stm32f1xx_it.c
2025-09-04 00:51:56,204 [INFO] CodeEngine:265 - oldGeneratedFile, /Users/jinmin-u/STM32CubeIDE/rtos_prac/PORT/Core/Inc/stm32f1xx_it.h_save
2025-09-04 00:51:56,269 [INFO] CodeEngine:289 - Generated code: /Users/jinmin-u/STM32CubeIDE/rtos_prac/PORT/Core/Inc/stm32f1xx_it.h
2025-09-04 00:51:56,278 [INFO] CodeEngine:265 - oldGeneratedFile, /Users/jinmin-u/STM32CubeIDE/rtos_prac/PORT/Core/Src/stm32f1xx_hal_msp.c_save
2025-09-04 00:51:56,424 [INFO] CodeEngine:289 - Generated code: /Users/jinmin-u/STM32CubeIDE/rtos_prac/PORT/Core/Src/stm32f1xx_hal_msp.c
2025-09-04 00:51:56,426 [INFO] CodeEngine:265 - oldGeneratedFile, /Users/jinmin-u/STM32CubeIDE/rtos_prac/PORT/MXTmpFiles/system.tmp_save
2025-09-04 00:51:56,482 [INFO] CodeEngine:289 - Generated code: /Users/jinmin-u/STM32CubeIDE/rtos_prac/PORT/MXTmpFiles/system.tmp
2025-09-04 00:51:56,487 [INFO] CodeEngine:321 - oldGeneratedFile, /Users/jinmin-u/STM32CubeIDE/rtos_prac/PORT/Core/Inc/stm32f1xx_hal_conf.h_save
2025-09-04 00:51:56,566 [INFO] CodeEngine:345 - Generated code: /Users/jinmin-u/STM32CubeIDE/rtos_prac/PORT/Core/Inc/stm32f1xx_hal_conf.h
2025-09-04 00:51:56,843 [INFO] CodeEngine:265 - oldGeneratedFile, /Users/jinmin-u/STM32CubeIDE/rtos_prac/PORT/Core/Inc/main.h_save
2025-09-04 00:51:56,976 [INFO] CodeEngine:289 - Generated code: /Users/jinmin-u/STM32CubeIDE/rtos_prac/PORT/Core/Inc/main.h
2025-09-04 00:51:56,979 [INFO] CodeEngine:265 - oldGeneratedFile, /Users/jinmin-u/STM32CubeIDE/rtos_prac/PORT/Core/Src/main.c_save
2025-09-04 00:51:57,127 [INFO] CodeEngine:289 - Generated code: /Users/jinmin-u/STM32CubeIDE/rtos_prac/PORT/Core/Src/main.c
2025-09-04 00:51:57,446 [INFO] ProjectBuilder:3606 - Time for Copy HAL[1] : 100mS.
2025-09-04 00:51:57,457 [INFO] ProjectBuilder:5216 - Project Generator version: 4.7.0-B52
2025-09-04 00:51:57,550 [INFO] ConfigFileManager:1595 - The Die is : DIE410
2025-09-04 00:52:01,795 [INFO] ProjectBuilder:5496 - Time for Generating toolchain IDE Files: 4315mS.
2025-09-04 00:52:01,810 [INFO] ProjectBuilder:3463 - Time for Copy CMSIS : 5mS.
2025-09-04 00:52:01,816 [INFO] ProjectBuilder:3463 - Time for Copy CMSIS : 0mS.
